Arguments: 
  /usr/local/Cellar/node/9.9.0/bin/node /usr/local/Cellar/yarn/1.5.1_1/libexec/bin/yarn.js build

PATH: 
  /Users/jack/.yarn/bin:/Users/jack/.fastlane/bin:/Users/jack/go/bin:/usr/local/bin:/usr/bin:/bin:/usr/sbin:/sbin:/Users/jack/.rvm/bin:/Users/jack/.go/bin:/usr/local/opt/go/libexec/bin

Yarn version: 
  1.5.1

Node version: 
  9.9.0

Platform: 
  darwin x64

npm manifest: 
  {
    "name": "reticulating-splines",
    "version": "1.1.0",
    "description": "A fun addition to your loading screen, based on The Sims",
    "repository": {
      "type": "git",
      "url": "https://github.com/jackkav/reticulating-splines.git"
    },
    "author": "Jack Kavanagh",
    "license": "MIT",
    "bugs": {
      "url": "https://github.com/jackkav/reticulating-splines/issues"
    },
    "homepage": "https://github.com/jackkav/reticulating-splines",
    "scripts": {
      "build": "rollup -c"
    },
    "devDependencies": {
      "babel-core": "^6.26.3",
      "babel-plugin-external-helpers": "^6.22.0",
      "babel-preset-env": "^1.6.1",
      "babel-preset-react": "^6.24.1",
      "react": "^16.3.2",
      "rollup": "^0.58.2",
      "rollup-plugin-babel": "^3.0.4",
      "rollup-plugin-commonjs": "^9.1.0",
      "rollup-plugin-node-resolve": "^3.3.0"
    }
  }

yarn manifest: 
  No manifest

Lockfile: 
  No lockfile

Trace: 
  Error: Command failed.
  Exit code: 1
  Command: sh
  Arguments: -c rollup -c
  Directory: /Users/jack/git/personal/reticulating-splines
  Output:
  
      at ProcessTermError.MessageError (/usr/local/Cellar/yarn/1.5.1_1/libexec/lib/cli.js:186:110)
      at new ProcessTermError (/usr/local/Cellar/yarn/1.5.1_1/libexec/lib/cli.js:226:113)
      at ChildProcess.<anonymous> (/usr/local/Cellar/yarn/1.5.1_1/libexec/lib/cli.js:30281:17)
      at ChildProcess.emit (events.js:180:13)
      at maybeClose (internal/child_process.js:936:16)
      at Process.ChildProcess._handle.onexit (internal/child_process.js:220:5)
